#
# There is insufficient memory for the Java Runtime Environment to continue.
# Native memory allocation (malloc) failed to allocate 613696 bytes for Chunk::new
# Possible reasons:
#   The system is out of physical RAM or swap space
#   The process is running with CompressedOops enabled, and the Java Heap may be blocking the growth of the native heap
# Possible solutions:
#   Reduce memory load on the system
#   Increase physical memory or swap space
#   Check if swap backing store is full
#   Decrease Java heap size (-Xmx/-Xms)
#   Decrease number of Java threads
#   Decrease Java thread stack sizes (-Xss)
#   Set larger code cache with -XX:ReservedCodeCacheSize=
#   JVM is running with Unscaled Compressed Oops mode in which the Java heap is
#     placed in the first 4GB address space. The Java Heap base address is the
#     maximum limit for the native heap growth. Please use -XX:HeapBaseMinAddress
#     to set the Java Heap base and to place the Java Heap above 4GB virtual address.
# This output file may be truncated or incomplete.
#
#  Out of Memory Error (allocation.cpp:389), pid=9500, tid=0x00000000000008d4
#
# JRE version: OpenJDK Runtime Environment (8.0_242-b01) (build 1.8.0_242-release-1644-b01)
# Java VM: OpenJDK 64-Bit Server VM (25.242-b01 mixed mode windows-amd64 compressed oops)
# Failed to write core dump. Minidumps are not enabled by default on client versions of Windows
#

---------------  T H R E A D  ---------------

Current thread (0x000000001756b000):  JavaThread "C2 CompilerThread1" daemon [_thread_in_native, id=2260, stack(0x0000000018cf0000,0x0000000018df0000)]

Stack: [0x0000000018cf0000,0x0000000018df0000]
[error occurred during error reporting (printing stack bounds), id 0xc0000005]

Native frames: (J=compiled Java code, j=interpreted, Vv=VM code, C=native code)


Current CompileTask:
C2:  12208 2601       4       org.objectweb.asm.Frame::execute (2318 bytes)


---------------  P R O C E S S  ---------------

Java Threads: ( => current thread )
  0x000000001ebfe000 JavaThread "Cache worker for file content cache (C:\Users\laloq\.gradle\caches\6.5\fileContent)" [_thread_blocked, id=11164, stack(0x0000000023160000,0x0000000023260000)]
  0x000000001ebf7000 JavaThread "Cache worker for execution history cache (C:\Users\laloq\.gradle\caches\6.5\executionHistory)" [_thread_blocked, id=9156, stack(0x0000000022c60000,0x0000000022d60000)]
  0x000000001a05a000 JavaThread "Cache worker for cache directory md-rule (C:\Users\laloq\.gradle\caches\6.5\md-rule)" [_thread_blocked, id=10792, stack(0x0000000022960000,0x0000000022a60000)]
  0x000000001a059000 JavaThread "Cache worker for cache directory md-supplier (C:\Users\laloq\.gradle\caches\6.5\md-supplier)" [_thread_blocked, id=8936, stack(0x0000000022860000,0x0000000022960000)]
  0x000000001a058800 JavaThread "Cache worker for checksums cache (C:\Users\laloq\AndroidStudioProjects\MiprimerHolaMundo\.gradle\checksums)" [_thread_blocked, id=8708, stack(0x0000000022760000,0x0000000022860000)]
  0x000000001a057800 JavaThread "jar transforms Thread 25" [_thread_blocked, id=1780, stack(0x0000000022460000,0x0000000022560000)]
  0x000000001a057000 JavaThread "jar transforms Thread 24" [_thread_blocked, id=8140, stack(0x0000000022360000,0x0000000022460000)]
  0x000000001a056000 JavaThread "jar transforms Thread 23" [_thread_blocked, id=8788, stack(0x0000000022260000,0x0000000022360000)]
  0x000000001a04f800 JavaThread "jar transforms Thread 22" [_thread_blocked, id=4052, stack(0x0000000022160000,0x0000000022260000)]
  0x000000001a054800 JavaThread "jar transforms Thread 21" [_thread_blocked, id=5116, stack(0x0000000022060000,0x0000000022160000)]
  0x000000001a054000 JavaThread "jar transforms Thread 20" [_thread_blocked, id=1672, stack(0x0000000021f60000,0x0000000022060000)]
  0x000000001a055800 JavaThread "jar transforms Thread 19" [_thread_blocked, id=5364, stack(0x0000000021d60000,0x0000000021e60000)]
  0x000000001a04e800 JavaThread "jar transforms Thread 18" [_thread_blocked, id=7800, stack(0x0000000021c60000,0x0000000021d60000)]
  0x000000001a04c800 JavaThread "jar transforms Thread 17" [_thread_blocked, id=4048, stack(0x0000000021b60000,0x0000000021c60000)]
  0x000000001a04d000 JavaThread "jar transforms Thread 16" [_thread_blocked, id=844, stack(0x0000000021a60000,0x0000000021b60000)]
  0x000000001a053000 JavaThread "jar transforms Thread 15" [_thread_blocked, id=9792, stack(0x0000000021960000,0x0000000021a60000)]
  0x000000001a051800 JavaThread "jar transforms Thread 14" [_thread_blocked, id=2124, stack(0x0000000021860000,0x0000000021960000)]
  0x000000001a052800 JavaThread "jar transforms Thread 13" [_thread_blocked, id=7820, stack(0x0000000021760000,0x0000000021860000)]
  0x000000001a050000 JavaThread "jar transforms Thread 12" [_thread_blocked, id=10824, stack(0x0000000021660000,0x0000000021760000)]
  0x000000001a04b000 JavaThread "jar transforms Thread 11" [_thread_blocked, id=10712, stack(0x0000000021560000,0x0000000021660000)]
  0x000000001a04e000 JavaThread "jar transforms Thread 10" [_thread_blocked, id=724, stack(0x0000000021460000,0x0000000021560000)]
  0x000000001a051000 JavaThread "jar transforms Thread 9" [_thread_blocked, id=9968, stack(0x0000000021360000,0x0000000021460000)]
  0x000000001a04b800 JavaThread "jar transforms Thread 8" [_thread_blocked, id=5888, stack(0x0000000021260000,0x0000000021360000)]
  0x000000001afbe000 JavaThread "jar transforms Thread 7" [_thread_blocked, id=6632, stack(0x0000000021160000,0x0000000021260000)]
  0x000000001afbc800 JavaThread "jar transforms Thread 6" [_thread_blocked, id=7840, stack(0x0000000021060000,0x0000000021160000)]
  0x000000001afbb800 JavaThread "jar transforms Thread 5" [_thread_blocked, id=7748, stack(0x0000000020f60000,0x0000000021060000)]
  0x000000001afbb000 JavaThread "jar transforms Thread 4" [_thread_blocked, id=1300, stack(0x000000001fbf0000,0x000000001fcf0000)]
  0x000000001afbe800 JavaThread "jar transforms Thread 3" [_thread_blocked, id=10356, stack(0x000000001faf0000,0x000000001fbf0000)]
  0x000000001afba000 JavaThread "jar transforms Thread 2" [_thread_blocked, id=8648, stack(0x000000001f9f0000,0x000000001faf0000)]
  0x000000001afbd000 JavaThread "jar transforms" [_thread_blocked, id=3796, stack(0x000000001f8f0000,0x000000001f9f0000)]
  0x000000001afb9800 JavaThread "Cache worker for file hash cache (C:\Users\laloq\AndroidStudioProjects\MiprimerHolaMundo\.gradle\6.5\fileHashes)" [_thread_blocked, id=11036, stack(0x000000001e810000,0x000000001e910000)]
  0x000000001afb8800 JavaThread "Cache worker for file hash cache (C:\Users\laloq\.gradle\caches\6.5\fileHashes)" [_thread_blocked, id=7636, stack(0x000000001d540000,0x000000001d640000)]
  0x000000001afbf800 JavaThread "File lock request listener" [_thread_in_native, id=5276, stack(0x000000001d440000,0x000000001d540000)]
  0x000000001b091800 JavaThread "Cache worker for journal cache (C:\Users\laloq\.gradle\caches\journal-1)" [_thread_blocked, id=1320, stack(0x000000001d340000,0x000000001d440000)]
  0x000000001aea8800 JavaThread "Thread-9" [_thread_blocked, id=8508, stack(0x000000001d040000,0x000000001d140000)]
  0x000000001aea7800 JavaThread "Stdin handler" [_thread_blocked, id=8312, stack(0x000000001cf40000,0x000000001d040000)]
  0x000000001ae9c000 JavaThread "Asynchronous log dispatcher for DefaultDaemonConnection: socket connection from /127.0.0.1:55087 to /127.0.0.1:55088" [_thread_blocked, id=6768, stack(0x000000001ce40000,0x000000001cf40000)]
  0x000000001aec7800 JavaThread "Daemon worker" [_thread_in_vm, id=9572, stack(0x000000001cd40000,0x000000001ce40000)]
  0x000000001af09800 JavaThread "Cancel handler" [_thread_blocked, id=10524, stack(0x000000001cc40000,0x000000001cd40000)]
  0x000000001acbb000 JavaThread "Handler for socket connection from /127.0.0.1:55087 to /127.0.0.1:55088" [_thread_in_native, id=6900, stack(0x000000001cb40000,0x000000001cc40000)]
  0x000000001a188800 JavaThread "Daemon" [_thread_blocked, id=3968, stack(0x000000001ca40000,0x000000001cb40000)]
  0x000000001ae4e800 JavaThread "Daemon periodic checks" [_thread_blocked, id=9892, stack(0x000000001c740000,0x000000001c840000)]
  0x000000001add7000 JavaThread "Incoming local TCP Connector on port 55087" [_thread_in_native, id=7448, stack(0x000000001c4d0000,0x000000001c5d0000)]
  0x000000001ad9a000 JavaThread "Daemon health stats" [_thread_blocked, id=4804, stack(0x000000001be90000,0x000000001bf90000)]
  0x0000000018f20800 JavaThread "Service Thread" daemon [_thread_blocked, id=2408, stack(0x00000000192f0000,0x00000000193f0000)]
  0x0000000017578000 JavaThread "C1 CompilerThread2" daemon [_thread_blocked, id=8528, stack(0x0000000018df0000,0x0000000018ef0000)]
=>0x000000001756b000 JavaThread "C2 CompilerThread1" daemon [_thread_in_native, id=2260, stack(0x0000000018cf0000,0x0000000018df0000)]
  0x0000000017561800 JavaThread "C2 CompilerThread0" daemon [_thread_in_native, id=5168, stack(0x0000000018bf0000,0x0000000018cf0000)]
  0x0000000017560800 JavaThread "Attach Listener" daemon [_thread_blocked, id=6960, stack(0x0000000018af0000,0x0000000018bf0000)]
  0x0000000017565000 JavaThread "Signal Dispatcher" daemon [_thread_blocked, id=9656, stack(0x00000000189f0000,0x0000000018af0000)]
  0x000000000290b000 JavaThread "Finalizer" daemon [_thread_blocked, id=8760, stack(0x00000000187c0000,0x00000000188c0000)]
  0x0000000017549000 JavaThread "Reference Handler" daemon [_thread_blocked, id=10096, stack(0x00000000186c0000,0x00000000187c0000)]
  0x000000000270d800 JavaThread "main" [_thread_blocked, id=11184, stack(0x0000000002710000,0x0000000002810000)]

Other Threads:
  0x0000000017526000 VMThread [stack: 0x00000000185c0000,0x00000000186c0000] [id=6912]
  0x0000000018f3a000 WatcherThread [stack: 0x00000000193f0000,0x00000000194f0000] [id=10988]

VM state:not at safepoint (normal execution)

VM Mutex/Monitor currently owned by a thread: None

heap address: 0x0000000080000000, size: 2048 MB, Compressed Oops mode: 32-bit
Narrow klass base: 0x0000000000000000, Narrow klass shift: 3
Compressed class space size: 1073741824 Address: 0x0000000100000000

Heap:
 PSYoungGen      total 68096K, used 50524K [0x00000000d5580000, 0x00000000dcb00000, 0x0000000100000000)
  eden space 61952K, 72% used [0x00000000d5580000,0x00000000d81a1f08,0x00000000d9200000)
  from space 6144K, 86% used [0x00000000d9b80000,0x00000000da0b5180,0x00000000da180000)
  to   space 9728K, 0% used [0x00000000d9200000,0x00000000d9200000,0x00000000d9b80000)
 ParOldGen       total 38400K, used 11377K [0x0000000080000000, 0x0000000082580000, 0x00000000d5580000)
  object space 38400K, 29% used [0x0000000080000000,0x0000000080b1c4f0,0x0000000082580000)
 Metaspace       used 31775K, capacity 32986K, committed 33280K, reserved 1079296K
  class space    used 4266K, capacity 4552K, committed 4608K, reserved 1048576K

Card table byte_map: [0x0000000011cd0000,0x00000000120e0000] byte_map_base: 0x00000000118d0000

Marking Bits: (ParMarkBitMap*) 0x0000000060e6f030
 Begin Bits: [0x0000000012790000, 0x0000000014790000)
 End Bits:   [0x0000000014790000, 0x0000000016790000)

Polling page: 0x00000000026d0000

CodeCache: size=245760Kb used=9948Kb max_used=9948Kb free=235811Kb
 bounds [0x0000000002910000, 0x00000000032d0000, 0x0000000011910000]
 total_blobs=3292 nmethods=2609 adapters=596
 compilation: enabled

Compilation events (10 events):
Event: 12.156 Thread 0x0000000017578000 2616   !   3       com.sun.beans.finder.MethodFinder::findAccessibleMethod (116 bytes)
Event: 12.158 Thread 0x0000000017578000 nmethod 2616 0x00000000032c3d50 code [0x00000000032c4080, 0x00000000032c5828]
Event: 12.158 Thread 0x0000000017578000 2625       3       groovy.lang.MetaBeanProperty::<init> (18 bytes)
Event: 12.158 Thread 0x0000000017578000 nmethod 2625 0x00000000032c6350 code [0x00000000032c64c0, 0x00000000032c6730]
Event: 12.158 Thread 0x0000000017578000 2623       3       java.lang.reflect.Executable::printModifiersIfNonzero (101 bytes)
Event: 12.159 Thread 0x0000000017578000 nmethod 2623 0x00000000032c6850 code [0x00000000032c6b60, 0x00000000032c82d8]
Event: 12.159 Thread 0x0000000017578000 2624  s!   3       java.beans.PropertyDescriptor::getWriteMethod (165 bytes)
Event: 12.161 Thread 0x0000000017578000 nmethod 2624 0x00000000032c9210 code [0x00000000032c9540, 0x00000000032cb438]
Event: 12.161 Thread 0x0000000017578000 2617       3       java.beans.MethodDescriptor::<init> (7 bytes)
Event: 12.161 Thread 0x0000000017578000 nmethod 2617 0x00000000032cc0d0 code [0x00000000032cc240, 0x00000000032cc3c8]

GC Heap History (10 events):
Event: 2.902 GC heap before
{Heap before GC invocations=5 (full 0):
 PSYoungGen      total 35328K, used 35312K [0x00000000d5580000, 0x00000000d7a80000, 0x0000000100000000)
  eden space 32768K, 100% used [0x00000000d5580000,0x00000000d7580000,0x00000000d7580000)
  from space 2560K, 99% used [0x00000000d7800000,0x00000000d7a7c030,0x00000000d7a80000)
  to   space 2560K, 0% used [0x00000000d7580000,0x00000000d7580000,0x00000000d7800000)
 ParOldGen       total 44032K, used 1688K [0x0000000080000000, 0x0000000082b00000, 0x00000000d5580000)
  object space 44032K, 3% used [0x0000000080000000,0x00000000801a61e8,0x0000000082b00000)
 Metaspace       used 12167K, capacity 12592K, committed 12800K, reserved 1060864K
  class space    used 1619K, capacity 1742K, committed 1792K, reserved 1048576K
Event: 2.911 GC heap after
Heap after GC invocations=5 (full 0):
 PSYoungGen      total 35328K, used 2528K [0x00000000d5580000, 0x00000000da180000, 0x0000000100000000)
  eden space 32768K, 0% used [0x00000000d5580000,0x00000000d5580000,0x00000000d7580000)
  from space 2560K, 98% used [0x00000000d7580000,0x00000000d77f8020,0x00000000d7800000)
  to   space 6144K, 0% used [0x00000000d9b80000,0x00000000d9b80000,0x00000000da180000)
 ParOldGen       total 44032K, used 5234K [0x0000000080000000, 0x0000000082b00000, 0x00000000d5580000)
  object space 44032K, 11% used [0x0000000080000000,0x000000008051cb88,0x0000000082b00000)
 Metaspace       used 12167K, capacity 12592K, committed 12800K, reserved 1060864K
  class space    used 1619K, capacity 1742K, committed 1792K, reserved 1048576K
}
Event: 3.305 GC heap before
{Heap before GC invocations=6 (full 0):
 PSYoungGen      total 35328K, used 34876K [0x00000000d5580000, 0x00000000da180000, 0x0000000100000000)
  eden space 32768K, 98% used [0x00000000d5580000,0x00000000d7517128,0x00000000d7580000)
  from space 2560K, 98% used [0x00000000d7580000,0x00000000d77f8020,0x00000000d7800000)
  to   space 6144K, 0% used [0x00000000d9b80000,0x00000000d9b80000,0x00000000da180000)
 ParOldGen       total 44032K, used 5234K [0x0000000080000000, 0x0000000082b00000, 0x00000000d5580000)
  object space 44032K, 11% used [0x0000000080000000,0x000000008051cb88,0x0000000082b00000)
 Metaspace       used 14728K, capacity 15306K, committed 15488K, reserved 1062912K
  class space    used 2009K, capacity 2169K, committed 2176K, reserved 1048576K
Event: 3.313 GC heap after
Heap after GC invocations=6 (full 0):
 PSYoungGen      total 70656K, used 5987K [0x00000000d5580000, 0x00000000da380000, 0x0000000100000000)
  eden space 64512K, 0% used [0x00000000d5580000,0x00000000d5580000,0x00000000d9480000)
  from space 6144K, 97% used [0x00000000d9b80000,0x00000000da158cd8,0x00000000da180000)
  to   space 7168K, 0% used [0x00000000d9480000,0x00000000d9480000,0x00000000d9b80000)
 ParOldGen       total 44032K, used 5242K [0x0000000080000000, 0x0000000082b00000, 0x00000000d5580000)
  object space 44032K, 11% used [0x0000000080000000,0x000000008051eb88,0x0000000082b00000)
 Metaspace       used 14728K, capacity 15306K, committed 15488K, reserved 1062912K
  class space    used 2009K, capacity 2169K, committed 2176K, reserved 1048576K
}
Event: 4.879 GC heap before
{Heap before GC invocations=7 (full 0):
 PSYoungGen      total 70656K, used 70325K [0x00000000d5580000, 0x00000000da380000, 0x0000000100000000)
  eden space 64512K, 99% used [0x00000000d5580000,0x00000000d9454788,0x00000000d9480000)
  from space 6144K, 97% used [0x00000000d9b80000,0x00000000da158cd8,0x00000000da180000)
  to   space 7168K, 0% used [0x00000000d9480000,0x00000000d9480000,0x00000000d9b80000)
 ParOldGen       total 44032K, used 5242K [0x0000000080000000, 0x0000000082b00000, 0x00000000d5580000)
  object space 44032K, 11% used [0x0000000080000000,0x000000008051eb88,0x0000000082b00000)
 Metaspace       used 20491K, capacity 21230K, committed 21296K, reserved 1067008K
  class space    used 2855K, capacity 3039K, committed 3072K, reserved 1048576K
Event: 4.894 GC heap after
Heap after GC invocations=7 (full 0):
 PSYoungGen      total 71680K, used 7156K [0x00000000d5580000, 0x00000000da380000, 0x0000000100000000)
  eden space 64512K, 0% used [0x00000000d5580000,0x00000000d5580000,0x00000000d9480000)
  from space 7168K, 99% used [0x00000000d9480000,0x00000000d9b7d108,0x00000000d9b80000)
  to   space 6144K, 0% used [0x00000000d9b80000,0x00000000d9b80000,0x00000000da180000)
 ParOldGen       total 44032K, used 8253K [0x0000000080000000, 0x0000000082b00000, 0x00000000d5580000)
  object space 44032K, 18% used [0x0000000080000000,0x000000008080f590,0x0000000082b00000)
 Metaspace       used 20491K, capacity 21230K, committed 21296K, reserved 1067008K
  class space    used 2855K, capacity 3039K, committed 3072K, reserved 1048576K
}
Event: 4.894 GC heap before
{Heap before GC invocations=8 (full 1):
 PSYoungGen      total 71680K, used 7156K [0x00000000d5580000, 0x00000000da380000, 0x0000000100000000)
  eden space 64512K, 0% used [0x00000000d5580000,0x00000000d5580000,0x00000000d9480000)
  from space 7168K, 99% used [0x00000000d9480000,0x00000000d9b7d108,0x00000000d9b80000)
  to   space 6144K, 0% used [0x00000000d9b80000,0x00000000d9b80000,0x00000000da180000)
 ParOldGen       total 44032K, used 8253K [0x0000000080000000, 0x0000000082b00000, 0x00000000d5580000)
  object space 44032K, 18% used [0x0000000080000000,0x000000008080f590,0x0000000082b00000)
 Metaspace       used 20491K, capacity 21230K, committed 21296K, reserved 1067008K
  class space    used 2855K, capacity 3039K, committed 3072K, reserved 1048576K
Event: 4.945 GC heap after
Heap after GC invocations=8 (full 1):
 PSYoungGen      total 71680K, used 0K [0x00000000d5580000, 0x00000000da380000, 0x0000000100000000)
  eden space 64512K, 0% used [0x00000000d5580000,0x00000000d5580000,0x00000000d9480000)
  from space 7168K, 0% used [0x00000000d9480000,0x00000000d9480000,0x00000000d9b80000)
  to   space 6144K, 0% used [0x00000000d9b80000,0x00000000d9b80000,0x00000000da180000)
 ParOldGen       total 38400K, used 11369K [0x0000000080000000, 0x0000000082580000, 0x00000000d5580000)
  object space 38400K, 29% used [0x0000000080000000,0x0000000080b1a4f0,0x0000000082580000)
 Metaspace       used 20491K, capacity 21230K, committed 21296K, reserved 1067008K
  class space    used 2855K, capacity 3039K, committed 3072K, reserved 1048576K
}
Event: 8.333 GC heap before
{Heap before GC invocations=9 (full 1):
 PSYoungGen      total 71680K, used 64512K [0x00000000d5580000, 0x00000000da380000, 0x0000000100000000)
  eden space 64512K, 100% used [0x00000000d5580000,0x00000000d9480000,0x00000000d9480000)
  from space 7168K, 0% used [0x00000000d9480000,0x00000000d9480000,0x00000000d9b80000)
  to   space 6144K, 0% used [0x00000000d9b80000,0x00000000d9b80000,0x00000000da180000)
 ParOldGen       total 38400K, used 11369K [0x0000000080000000, 0x0000000082580000, 0x00000000d5580000)
  object space 38400K, 29% used [0x0000000080000000,0x0000000080b1a4f0,0x0000000082580000)
 Metaspace       used 24539K, capacity 25550K, committed 25856K, reserved 1071104K
  class space    used 3508K, capacity 3773K, committed 3840K, reserved 1048576K
Event: 8.340 GC heap after
Heap after GC invocations=9 (full 1):
 PSYoungGen      total 68096K, used 5332K [0x00000000d5580000, 0x00000000dcb00000, 0x0000000100000000)
  eden space 61952K, 0% used [0x00000000d5580000,0x00000000d5580000,0x00000000d9200000)
  from space 6144K, 86% used [0x00000000d9b80000,0x00000000da0b5180,0x00000000da180000)
  to   space 9728K, 0% used [0x00000000d9200000,0x00000000d9200000,0x00000000d9b80000)
 ParOldGen       total 38400K, used 11377K [0x0000000080000000, 0x0000000082580000, 0x00000000d5580000)
  object space 38400K, 29% used [0x0000000080000000,0x0000000080b1c4f0,0x0000000082580000)
 Metaspace       used 24539K, capacity 25550K, committed 25856K, reserved 1071104K
  class space    used 3508K, capacity 3773K, committed 3840K, reserved 1048576K
}

Deoptimization events (10 events):
Event: 5.248 Thread 0x000000001aec7800 Uncommon trap: reason=bimorphic action=maybe_recompile pc=0x0000000002f2b1f0 method=java.lang.ClassLoader.getPackage(Ljava/lang/String;)Ljava/lang/Package; @ 47
Event: 5.255 Thread 0x000000001aec7800 Uncommon trap: reason=unstable_if action=reinterpret pc=0x0000000002f2aca0 method=java.net.URLClassLoader.getAndVerifyPackage(Ljava/lang/String;Ljava/util/jar/Manifest;Ljava/net/URL;)Ljava/lang/Package; @ 62
Event: 7.454 Thread 0x000000001aec7800 Uncommon trap: reason=unstable_if action=reinterpret pc=0x0000000002f05820 method=java.util.HashMap.hash(Ljava/lang/Object;)I @ 1
Event: 7.481 Thread 0x000000001aec7800 Uncommon trap: reason=unstable_if action=reinterpret pc=0x0000000002e4e73c method=jdk.internal.org.objectweb.asm.Type.getArgumentsAndReturnSizes(Ljava/lang/String;)I @ 88
Event: 7.567 Thread 0x000000001aec7800 Uncommon trap: reason=unstable_if action=reinterpret pc=0x0000000002c1538c method=java.io.WinNTFileSystem.resolve(Ljava/lang/String;Ljava/lang/String;)Ljava/lang/String; @ 49
Event: 8.910 Thread 0x000000001aec7800 Uncommon trap: reason=unstable_if action=reinterpret pc=0x0000000002f908cc method=java.lang.ClassLoader.getClassLoadingLock(Ljava/lang/String;)Ljava/lang/Object; @ 6
Event: 9.016 Thread 0x000000001aec7800 Uncommon trap: reason=bimorphic action=maybe_recompile pc=0x0000000002f85550 method=java.io.BufferedInputStream.read([BII)I @ 101
Event: 9.016 Thread 0x000000001aec7800 Uncommon trap: reason=bimorphic action=maybe_recompile pc=0x0000000002f85550 method=java.io.BufferedInputStream.read([BII)I @ 101
Event: 9.017 Thread 0x000000001aec7800 Uncommon trap: reason=bimorphic action=maybe_recompile pc=0x0000000002f85550 method=java.io.BufferedInputStream.read([BII)I @ 101
Event: 9.017 Thread 0x000000001aec7800 Uncommon trap: reason=bimorphic action=maybe_recompile pc=0x0000000002f85550 method=java.io.BufferedInputStream.read([BII)I @ 101

Classes redefined (0 events):
No events

Internal exceptions (10 events):
Event: 10.937 Thread 0x000000001aec7800 Exception <a 'java/lang/ClassNotFoundException': groovy/lang/ClosureCustomizer> (0x00000000d6ded188) thrown at [C:\src\AOSP-openjdk-git\hotspot\src\share\vm\classfile\systemDictionary.cpp, line 210]
Event: 10.941 Thread 0x000000001aec7800 Exception <a 'java/lang/ClassNotFoundException': groovy/lang/Closure$1Customizer> (0x00000000d6e47a08) thrown at [C:\src\AOSP-openjdk-git\hotspot\src\share\vm\classfile\systemDictionary.cpp, line 210]
Event: 11.618 Thread 0x000000001aec7800 Exception <a 'java/lang/ClassNotFoundException': org/gradle/internal/metaobject/ConfigureDelegateBeanInfo> (0x00000000d7508c98) thrown at [C:\src\AOSP-openjdk-git\hotspot\src\share\vm\classfile\systemDictionary.cpp, line 210]
Event: 11.619 Thread 0x000000001aec7800 Exception <a 'java/lang/ClassNotFoundException': org/gradle/internal/metaobject/ConfigureDelegateCustomizer> (0x00000000d7536760) thrown at [C:\src\AOSP-openjdk-git\hotspot\src\share\vm\classfile\systemDictionary.cpp, line 210]
Event: 11.623 Thread 0x000000001aec7800 Exception <a 'java/lang/ClassNotFoundException': org/gradle/api/internal/initialization/DefaultScriptHandlerBeanInfo> (0x00000000d75b9ca0) thrown at [C:\src\AOSP-openjdk-git\hotspot\src\share\vm\classfile\systemDictionary.cpp, line 210]
Event: 11.624 Thread 0x000000001aec7800 Exception <a 'java/lang/ClassNotFoundException': org/gradle/api/internal/initialization/DefaultScriptHandlerCustomizer> (0x00000000d75efc28) thrown at [C:\src\AOSP-openjdk-git\hotspot\src\share\vm\classfile\systemDictionary.cpp, line 210]
Event: 12.150 Thread 0x000000001aec7800 Exception <a 'java/lang/ClassNotFoundException': org/gradle/api/internal/artifacts/dsl/dependencies/DefaultDependencyHandler_DecoratedBeanInfo> (0x00000000d7f7fc80) thrown at [C:\src\AOSP-openjdk-git\hotspot\src\share\vm\classfile\systemDictionary.cpp, li
Event: 12.151 Thread 0x000000001aec7800 Exception <a 'java/lang/ClassNotFoundException': org/gradle/api/internal/artifacts/dsl/dependencies/DefaultDependencyHandlerBeanInfo> (0x00000000d7fd87f0) thrown at [C:\src\AOSP-openjdk-git\hotspot\src\share\vm\classfile\systemDictionary.cpp, line 210]
Event: 12.152 Thread 0x000000001aec7800 Exception <a 'java/lang/ClassNotFoundException': org/gradle/api/internal/artifacts/dsl/dependencies/DefaultDependencyHandlerCustomizer> (0x00000000d8032180) thrown at [C:\src\AOSP-openjdk-git\hotspot\src\share\vm\classfile\systemDictionary.cpp, line 210]
Event: 12.156 Thread 0x000000001aec7800 Exception <a 'java/lang/ClassNotFoundException': org/gradle/api/internal/artifacts/dsl/dependencies/DefaultDependencyHandler_DecoratedCustomizer> (0x00000000d80bcfb0) thrown at [C:\src\AOSP-openjdk-git\hotspot\src\share\vm\classfile\systemDictionary.cpp, 

Events (10 events):
Event: 12.155 loading class org/gradle/api/internal/artifacts/dsl/dependencies/DefaultDependencyHandler_DecoratedCustomizer
Event: 12.155 loading class org/gradle/api/internal/artifacts/dsl/dependencies/DefaultDependencyHandler_DecoratedCustomizer done
Event: 12.155 loading class org/gradle/api/internal/artifacts/dsl/dependencies/DefaultDependencyHandler_DecoratedCustomizer
Event: 12.155 loading class org/gradle/api/internal/artifacts/dsl/dependencies/DefaultDependencyHandler_DecoratedCustomizer done
Event: 12.156 loading class org/gradle/api/internal/artifacts/dsl/dependencies/DefaultDependencyHandler_DecoratedCustomizer
Event: 12.156 loading class org/gradle/api/internal/artifacts/dsl/dependencies/DefaultDependencyHandler_DecoratedCustomizer done
Event: 12.158 loading class sun/reflect/UnsafeObjectFieldAccessorImpl
Event: 12.159 loading class sun/reflect/UnsafeObjectFieldAccessorImpl done
Event: 12.159 loading class org/codehaus/groovy/classgen/asm/util/TypeUtil
Event: 12.159 loading class org/codehaus/groovy/classgen/asm/util/TypeUtil done


Dynamic libraries:
0x00007ff7dbf80000 - 0x00007ff7dbfb1000 	C:\Program Files\Android\Android Studio\jre\bin\java.exe
0x00007ffaf1b30000 - 0x00007ffaf1d26000 	C:\WINDOWS\SYSTEM32\ntdll.dll
0x00007ffaf0e70000 - 0x00007ffaf0f2d000 	C:\WINDOWS\System32\KERNEL32.DLL
0x00007ffaef390000 - 0x00007ffaef658000 	C:\WINDOWS\System32\KERNELBASE.dll
0x00007ffaf0b70000 - 0x00007ffaf0c1a000 	C:\WINDOWS\System32\ADVAPI32.dll
0x00007ffaf0ca0000 - 0x00007ffaf0d3e000 	C:\WINDOWS\System32\msvcrt.dll
0x00007ffaf0390000 - 0x00007ffaf042b000 	C:\WINDOWS\System32\sechost.dll
0x00007ffaf0d40000 - 0x00007ffaf0e64000 	C:\WINDOWS\System32\RPCRT4.dll
0x00007ffaf0430000 - 0x00007ffaf05d0000 	C:\WINDOWS\System32\USER32.dll
0x00007ffaef860000 - 0x00007ffaef882000 	C:\WINDOWS\System32\win32u.dll
0x00007ffaf0c50000 - 0x00007ffaf0c7a000 	C:\WINDOWS\System32\GDI32.dll
0x00007ffaef280000 - 0x00007ffaef389000 	C:\WINDOWS\System32\gdi32full.dll
0x00007ffaef790000 - 0x00007ffaef82d000 	C:\WINDOWS\System32\msvcp_win.dll
0x00007ffaef890000 - 0x00007ffaef990000 	C:\WINDOWS\System32\ucrtbase.dll
0x00007ffae95b0000 - 0x00007ffae984b000 	C:\WINDOWS\WinSxS\amd64_microsoft.windows.common-controls_6595b64144ccf1df_6.0.19041.488_none_ca04af081b815d21\COMCTL32.dll
0x00007ffaf0c20000 - 0x00007ffaf0c50000 	C:\WINDOWS\System32\IMM32.DLL
0x00000000604e0000 - 0x00000000605b2000 	C:\Program Files\Android\Android Studio\jre\jre\bin\msvcr100.dll
0x00000000606a0000 - 0x0000000060eeb000 	C:\Program Files\Android\Android Studio\jre\jre\bin\server\jvm.dll
0x00007ffaf0c90000 - 0x00007ffaf0c98000 	C:\WINDOWS\System32\PSAPI.DLL
0x00007ffae4aa0000 - 0x00007ffae4ac7000 	C:\WINDOWS\SYSTEM32\WINMM.dll
0x00007ffaee110000 - 0x00007ffaee11a000 	C:\WINDOWS\SYSTEM32\VERSION.dll
0x00007ffaed560000 - 0x00007ffaed569000 	C:\WINDOWS\SYSTEM32\WSOCK32.dll
0x00007ffaf0710000 - 0x00007ffaf077b000 	C:\WINDOWS\System32\ws2_32.DLL
0x00007ffaec5b0000 - 0x00007ffaec5bf000 	C:\Program Files\Android\Android Studio\jre\jre\bin\verify.dll
0x00007ffae4a70000 - 0x00007ffae4a99000 	C:\Program Files\Android\Android Studio\jre\jre\bin\java.dll
0x00007ffae7a80000 - 0x00007ffae7a96000 	C:\Program Files\Android\Android Studio\jre\jre\bin\zip.dll
0x00007ffaf13b0000 - 0x00007ffaf1af0000 	C:\WINDOWS\System32\SHELL32.dll
0x00007ffaed930000 - 0x00007ffaee0c4000 	C:\WINDOWS\SYSTEM32\windows.storage.dll
0x00007ffaf0030000 - 0x00007ffaf0385000 	C:\WINDOWS\System32\combase.dll
0x00007ffaeec20000 - 0x00007ffaeec4c000 	C:\WINDOWS\SYSTEM32\Wldp.dll
0x00007ffaf0780000 - 0x00007ffaf082e000 	C:\WINDOWS\System32\SHCORE.dll
0x00007ffaf0960000 - 0x00007ffaf09b5000 	C:\WINDOWS\System32\shlwapi.dll
0x00007ffaef1b0000 - 0x00007ffaef1d6000 	C:\WINDOWS\SYSTEM32\profapi.dll
0x00007ffae3ea0000 - 0x00007ffae3eba000 	C:\Program Files\Android\Android Studio\jre\jre\bin\net.dll
0x00007ffaee9a0000 - 0x00007ffaeea0a000 	C:\WINDOWS\system32\mswsock.dll
0x00007ffae3e50000 - 0x00007ffae3e63000 	C:\Program Files\Android\Android Studio\jre\jre\bin\nio.dll
0x00007ffadb440000 - 0x00007ffadb467000 	C:\Users\laloq\.gradle\native\f6784746aeab05261644944871eae4fe03e0ef1612fff0a4a95f87b438bc6780\windows-amd64\native-platform.dll
0x00007ffae8130000 - 0x00007ffae813d000 	C:\Program Files\Android\Android Studio\jre\jre\bin\management.dll
0x00007ffaeeb70000 - 0x00007ffaeeb88000 	C:\WINDOWS\SYSTEM32\CRYPTSP.dll
0x00007ffaee330000 - 0x00007ffaee364000 	C:\WINDOWS\system32\rsaenh.dll
0x00007ffaef830000 - 0x00007ffaef857000 	C:\WINDOWS\System32\bcrypt.dll
0x00007ffaef0c0000 - 0x00007ffaef0ee000 	C:\WINDOWS\SYSTEM32\USERENV.dll
0x00007ffaef6c0000 - 0x00007ffaef73f000 	C:\WINDOWS\System32\bcryptprimitives.dll
0x00007ffaeeb90000 - 0x00007ffaeeb9c000 	C:\WINDOWS\SYSTEM32\CRYPTBASE.dll
0x00007ffaee690000 - 0x00007ffaee6cb000 	C:\WINDOWS\SYSTEM32\IPHLPAPI.DLL
0x00007ffaf0c80000 - 0x00007ffaf0c89000 	C:\WINDOWS\System32\NSI.dll
0x00007ffae78e0000 - 0x00007ffae78f7000 	C:\WINDOWS\SYSTEM32\dhcpcsvc6.DLL
0x00007ffae7760000 - 0x00007ffae777d000 	C:\WINDOWS\SYSTEM32\dhcpcsvc.DLL
0x00007ffaee720000 - 0x00007ffaee7eb000 	C:\WINDOWS\SYSTEM32\DNSAPI.dll
0x00007ffae7bf0000 - 0x00007ffae7bfb000 	C:\WINDOWS\SYSTEM32\WINNSI.DLL

VM Arguments:
jvm_args: -Xmx2048m -Dfile.encoding=UTF-8 -Duser.country=CO -Duser.language=es -Duser.variant 
java_command: org.gradle.launcher.daemon.bootstrap.GradleDaemon 6.5
java_class_path (initial): C:\Users\laloq\.gradle\wrapper\dists\gradle-6.5-bin\6nifqtx7604sqp1q6g8wikw7p\gradle-6.5\lib\gradle-launcher-6.5.jar
Launcher Type: SUN_STANDARD

Environment Variables:
PATH=C:\ProgramData\Oracle\Java\javapath;C:\Program Files (x86)\Intel\iCLS Client\;C:\Program Files\Intel\iCLS Client\;C:\WINDOWS\system32;C:\WINDOWS;C:\WINDOWS\System32\Wbem;C:\WINDOWS\System32\WindowsPowerShell\v1.0\;C:\Program Files (x86)\Intel\Intel(R) Management Engine Components\DAL;C:\Program Files\Intel\Intel(R) Management Engine Components\DAL;C:\Program Files (x86)\Intel\Intel(R) Management Engine Components\IPT;C:\Program Files\Intel\Intel(R) Management Engine Components\IPT;C:\WINDOWS\System32\OpenSSH\;C:\Program Files\Git\cmd;C:\Users\laloq\AppData\Local\Microsoft\WindowsApps;
USERNAME=FliaSilva
OS=Windows_NT
PROCESSOR_IDENTIFIER=Intel64 Family 6 Model 61 Stepping 4, GenuineIntel



---------------  S Y S T E M  ---------------

OS: Windows 10.0 , 64 bit Build 19041 (10.0.19041.546)

CPU:total 4 (initial active 4) (2 cores per cpu, 2 threads per core) family 6 model 61 stepping 4, cmov, cx8, fxsr, mmx, sse, sse2, sse3, ssse3, sse4.1, sse4.2, popcnt, avx, avx2, aes, clmul, erms, 3dnowpref, lzcnt, ht, tsc, tscinvbit, bmi1, bmi2, adx

Memory: 4k page, physical 4093368k(470868k free), swap 5521848k(5196k free)

vm_info: OpenJDK 64-Bit Server VM (25.242-b01) for windows-amd64 JRE (1.8.0_242-release-1644-b01), built by "builder" with MS VC++ 10.0 (VS2010)

time: Sat Oct 17 23:08:39 2020
timezone: Hora est. Pacífico, Sudamérica
elapsed time: 12 seconds (0d 0h 0m 12s)

